<?xml version="1.0" encoding="UTF-8" standalone="no"?>
<testsuite failures="0" name="cucumber.runtime.formatter.JUnitFormatter" skipped="0" tests="3" time="148.525435">
<testcase classname="Login" name="Successful login with valid credentials" time="54.901502">
<system-out><![CDATA[Given User is on Home Page..................................................passed
When User enters Username "test@email.com"amd Password "abcabc".............passed
And clicks on Login button..................................................passed
Then He can visit the practice page.........................................passed
And A message is displayed..................................................passed
]]></system-out>
</testcase>
<testcase classname="Login" name="Successful login with multiple valid credentials" time="49.472381">
<system-out><![CDATA[Given User is on Home Page..................................................passed
When User enter Username test@email.com amd Password abcabc.................passed
And clicks on Login button..................................................passed
Then He can visit the practice page.........................................passed
And A message is displayed..................................................passed
]]></system-out>
</testcase>
<testcase classname="Login" name="Successful login with multiple valid credentials 2" time="44.151552">
<system-out><![CDATA[Given User is on Home Page..................................................passed
When User enter Username test@email.com amd Password abcabc.................passed
And clicks on Login button..................................................passed
Then He can visit the practice page.........................................passed
And A message is displayed..................................................passed
]]></system-out>
</testcase>
</testsuite>
